[2025-09-16T19:59:41.932Z] [INFO] 🚀 Starting Ultimate Publish Automation (Node.js) v2.0
[2025-09-16T19:59:41.933Z] [INFO] 🔍 Testing prerequisites...
[2025-09-16T19:59:53.014Z] [INFO] ✅ Homey CLI found: 3.9.4
[2025-09-16T19:59:54.450Z] [INFO] ✅ Node.js found: v22.19.0
[2025-09-16T19:59:55.214Z] [INFO] ✅ Git found: git version 2.50.1.windows.1
[2025-09-16T20:00:02.197Z] [INFO] ✅ NPM found: 11.5.2
[2025-09-16T20:00:02.198Z] [INFO] 🔄 Updating .homeycompose configuration...
[2025-09-16T20:00:02.546Z] [INFO] 📄 Read current app.json configuration
[2025-09-16T20:00:02.816Z] [INFO] 💾 Updated .homeycompose/app.json with version 2.1.6
[2025-09-16T20:00:02.817Z] [INFO] 🧹 Cleaning build cache...
[2025-09-16T20:03:54.981Z] [INFO] ✅ Cleaned npm cache
[2025-09-16T20:03:54.982Z] [INFO] 🔍 Running comprehensive validation suite...
[2025-09-16T20:04:26.021Z] [ERROR] ❌ Validation failed: Command failed: homey app validate --level=publish

[2025-09-16T20:04:29.728Z] [INFO] 📊 Driver validation: 105 valid, 0 with issues
[2025-09-16T20:04:29.734Z] [INFO] 🚀 Starting interactive publication with stdio automation...
[2025-09-16T20:04:49.445Z] [INFO] 📤 STDOUT: ? There are uncommitted changes. Are you sure you want to continue? (y/N)
[2025-09-16T20:04:49.446Z] [INFO] 🤖 Detected prompt, responding: Accepting uncommitted changes
[2025-09-16T20:04:49.447Z] [INFO] 📤 STDOUT: [74D[74C
[2025-09-16T20:04:49.957Z] [INFO] 📤 STDOUT: [2K[G
[2025-09-16T20:04:49.964Z] [INFO] 📤 STDOUT: ? There are uncommitted changes. Are you sure you want to continue? (y/N) y
[2025-09-16T20:04:49.965Z] [INFO] 🤖 Detected prompt, responding: Accepting uncommitted changes
[2025-09-16T20:04:49.966Z] [INFO] 📤 STDOUT: [75D[75C
[2025-09-16T20:04:49.967Z] [INFO] 📤 STDOUT: [2K[G
[2025-09-16T20:04:49.968Z] [INFO] 📤 STDOUT: ? There are uncommitted changes. Are you sure you want to continue? Yes[71D[71C
[2025-09-16T20:04:49.969Z] [INFO] 🤖 Detected prompt, responding: Accepting uncommitted changes
[2025-09-16T20:04:50.031Z] [INFO] 📤 STDOUT: ? Do you want to update your app's version number? (current v2.1.6) (Y/n)
[2025-09-16T20:04:50.032Z] [INFO] 📤 STDOUT: [74D[74C
[2025-09-16T20:04:50.506Z] [INFO] 📤 STDOUT: [2K[G
[2025-09-16T20:04:50.507Z] [INFO] 📤 STDOUT: ? Do you want to update your app's version number? (current v2.1.6) (Y/n) y[75D[75C[2K[G? Do you want to update your app's version number? (current v2.1.6) Yes
[2025-09-16T20:04:50.509Z] [INFO] 📤 STDOUT: [71D[71C
y
[2025-09-16T20:04:50.512Z] [INFO] 📤 STDOUT: ? Select the desired version number (Use arrow keys)
> Patch (to v2.1.7) 
  Minor (to v2.2.0) 
  Major (to v3.0.0)
[2025-09-16T20:04:50.513Z] [INFO] 📤 STDOUT: [20D
[2025-09-16T20:04:50.514Z] [INFO] 📤 STDOUT: [20C
[2025-09-16T20:09:34.419Z] [ERROR] ⏰ Publication timeout after 5 minutes
[2025-09-16T20:09:34.421Z] [INFO] 
[2025-09-16T20:09:34.422Z] [INFO] 📊 ULTIMATE PUBLISH AUTOMATION SUMMARY (Node.js)
[2025-09-16T20:09:34.423Z] [INFO] ===============================================
[2025-09-16T20:09:34.423Z] [INFO] Version: 2.1.6
[2025-09-16T20:09:34.424Z] [INFO] Status: ❌ FAILED
[2025-09-16T20:09:34.424Z] [INFO] Timestamp: 2025-09-16T20:09:34.424Z
[2025-09-16T20:09:34.425Z] [INFO] 
[2025-09-16T20:09:34.425Z] [INFO] 💥 Publication failed. Check logs for details.
[2025-09-16T20:09:34.426Z] [INFO] 📄 Log file: C:\Users\HP\Desktop\tuya_repair\publish-automation-nodejs.log
[2025-09-16T20:09:34.427Z] [INFO] ===============================================
