**********************
Début de la transcription Windows PowerShell
Heure de début : 20250902051354
Nom d'utilisateur : DESKTOP-R88B9I0\HP
Utilisateur runAs :  DESKTOP-R88B9I0\HP
Nom de la configuration : 
Ordinateur : DESKTOP-R88B9I0 (Microsoft Windows NT 10.0.26100.0)
Application hôte : C:\Windows\System32\WindowsPowerShell\v1.0\powershell.exe -ExecutionPolicy Bypass -File complete_analysis.ps1
ID de processus : 1548
PSVersion: 5.1.26100.4768
PSEdition: Desktop
PSCompatibleVersions: 1.0, 2.0, 3.0, 4.0, 5.0, 5.1.26100.4768
BuildVersion: 10.0.26100.4768
CLRVersion: 4.0.30319.42000
WSManStackVersion: 3.0
PSRemotingProtocolVersion: 2.3
SerializationVersion: 1.1.0.1
**********************
Transcription démarrée, le fichier de sortie est C:\Users\HP\Desktop\tuya_repair\logs\analysis-20250902-051353.log
[2025-09-02 05:13:54] [INFO] Starting Tuya Zigbee Driver Analysis
Add-Content : Le processus ne peut pas accéder au fichier 
'C:\Users\HP\Desktop\tuya_repair\logs\analysis-20250902-051353.log', car il est en cours d'utilisation par un autre 
processus.
Au caractère C:\Users\HP\Desktop\tuya_repair\complete_analysis.ps1:33 : 5
+     Add-Content -Path $script:logFile -Value $logMessage
+     ~~~~~~~~~~~~~~~~~~~~~~~~~~~~~~~~~~~~~~~~~~~~~~~~~~~~
    + CategoryInfo          : WriteError: (C:\Users\HP\Des...0902-051353.log:String) [Add-Content], IOException
    + FullyQualifiedErrorId : GetContentWriterIOError,Microsoft.PowerShell.Commands.AddContentCommand
Add-Content : Le processus ne peut
pas accéder au fichier 'C:\Users\HP\
Desktop\tuya_repair\logs\analysis-20
250902-051353.log', car il est en
cours d'utilisation par un autre
processus.
Au caractère C:\Users\HP\Desktop\tuy
a_repair\complete_analysis.ps1:33 :
5
+     Add-Content -Path
$script:logFile -Value $logMessage
+     ~~~~~~~~~~~~~~~~~~~~~~~~~~~~~~
~~~~~~~~~~~~~~~~~~~~~~
    + CategoryInfo          : Write
   Error: (C:\Users\HP\Des...0902-
  051353.log:String) [Add-Content
 ], IOException
    + FullyQualifiedErrorId : GetCo
   ntentWriterIOError,Microsoft.Po
  werShell.Commands.AddContentCom
 mand

[2025-09-02 05:13:56] [INFO] Starting analysis of 63 drivers...
Add-Content : Le processus ne peut pas accéder au fichier 
'C:\Users\HP\Desktop\tuya_repair\logs\analysis-20250902-051353.log', car il est en cours d'utilisation par un autre 
processus.
Au caractère C:\Users\HP\Desktop\tuya_repair\complete_analysis.ps1:33 : 5
+     Add-Content -Path $script:logFile -Value $logMessage
+     ~~~~~~~~~~~~~~~~~~~~~~~~~~~~~~~~~~~~~~~~~~~~~~~~~~~~
    + CategoryInfo          : WriteError: (C:\Users\HP\Des...0902-051353.log:String) [Add-Content], IOException
    + FullyQualifiedErrorId : GetContentWriterIOError,Microsoft.PowerShell.Commands.AddContentCommand
Add-Content : Le processus ne peut
pas accéder au fichier 'C:\Users\HP\
Desktop\tuya_repair\logs\analysis-20
250902-051353.log', car il est en
cours d'utilisation par un autre
processus.
Au caractère C:\Users\HP\Desktop\tuy
a_repair\complete_analysis.ps1:33 :
5
+     Add-Content -Path
$script:logFile -Value $logMessage
+     ~~~~~~~~~~~~~~~~~~~~~~~~~~~~~~
~~~~~~~~~~~~~~~~~~~~~~
    + CategoryInfo          : Write
   Error: (C:\Users\HP\Des...0902-
  051353.log:String) [Add-Content
 ], IOException
    + FullyQualifiedErrorId : GetCo
   ntentWriterIOError,Microsoft.Po
  werShell.Commands.AddContentCom
 mand

PS>Erreur de terminaison () : « Le pipeline a été arrêté. »
>> Erreur de terminaison () : « Le pipeline a été arrêté. »
>> Erreur de terminaison () : « Le pipeline a été arrêté. »
**********************
Fin de la transcription Windows PowerShell
Heure de fin : 20250902051407
**********************
