[2025-09-04T14:14:01.358Z] Début du déplacement des rapports
[2025-09-04T14:14:01.500Z] Erreur d'accès au dossier C:\Users\HP\Desktop\tuya_repair\reports: access is not defined
[2025-09-04T14:14:01.503Z] Erreur d'accès au dossier C:\Users\HP\Desktop\tuya_repair\analysis-results: access is not defined
[2025-09-04T14:14:01.507Z] Déplacement des rapports terminé avec succès
[2025-09-04T14:14:47.062Z] Début du déplacement des rapports
[2025-09-04T14:14:47.103Z] Traitement du dossier: C:\Users\HP\Desktop\tuya_repair\reports
[2025-09-04T14:14:47.112Z]   Déplacé: ai-local-report.json -> reports\analysis\ai-local-report.json
[2025-09-04T14:14:47.115Z]   Ignorer le dossier: analysis
[2025-09-04T14:14:47.119Z]   Déplacé: cleanup-report.json -> reports\analysis\cleanup-report.json
[2025-09-04T14:14:47.129Z]   Déplacé: cleanup-report.md -> reports\analysis\cleanup-report.md
[2025-09-04T14:14:47.136Z]   Déplacé: cleanup-ultimate-1756931876249.json -> reports\analysis\cleanup-ultimate-1756931876249.json
[2025-09-04T14:14:47.154Z]   Déplacé: cleanup-ultimate-1756931879616.json -> reports\analysis\cleanup-ultimate-1756931879616.json
[2025-09-04T14:14:47.162Z]   Déplacé: cli-installation-test.json -> reports\analysis\cli-installation-test.json
[2025-09-04T14:14:47.168Z]   Déplacé: community-report.json -> reports\analysis\community-report.json
[2025-09-04T14:14:47.180Z]   Déplacé: complete-657-drivers-report.json -> reports\analysis\complete-657-drivers-report.json
[2025-09-04T14:14:47.186Z]   Déplacé: complete-drivers-restoration-report.json -> reports\analysis\complete-drivers-restoration-report.json
[2025-09-04T14:14:47.195Z]   Déplacé: complete-drivers-restoration.json -> reports\analysis\complete-drivers-restoration.json
[2025-09-04T14:14:47.200Z]   Déplacé: complete-fix-report.json -> reports\analysis\complete-fix-report.json
[2025-09-04T14:14:47.215Z]   Déplacé: complete-optimization-report-1753977588491.json -> reports\analysis\complete-optimization-report-1753977588491.json
[2025-09-04T14:14:47.219Z]   Déplacé: complete-optimization-report-1753978288482.json -> reports\analysis\complete-optimization-report-1753978288482.json
[2025-09-04T14:14:47.226Z]   Déplacé: complete-project-optimization-report.json -> reports\analysis\complete-project-optimization-report.json
[2025-09-04T14:14:47.233Z]   Déplacé: complete-project-validation-report.json -> reports\analysis\complete-project-validation-report.json
[2025-09-04T14:14:47.242Z]   Déplacé: complete-task-queue-report.json -> reports\analysis\complete-task-queue-report.json
[2025-09-04T14:14:47.246Z]   Déplacé: comprehensive-analysis-20250729-125633.json -> reports\analysis\comprehensive-analysis-20250729-125633.json
[2025-09-04T14:14:47.250Z]   Déplacé: comprehensive-analysis-20250729-133703.json -> reports\analysis\comprehensive-analysis-20250729-133703.json
[2025-09-04T14:14:47.259Z]   Déplacé: comprehensive-analysis-20250729-135154.json -> reports\analysis\comprehensive-analysis-20250729-135154.json
[2025-09-04T14:14:47.292Z]   Déplacé: comprehensive-analysis-report.json -> reports\analysis\comprehensive-analysis-report.json
[2025-09-04T14:14:47.309Z]   Déplacé: comprehensive-analysis.json -> reports\analysis\comprehensive-analysis.json
[2025-09-04T14:14:47.334Z]   Déplacé: comprehensive-driver-recovery-report.json -> reports\analysis\comprehensive-driver-recovery-report.json
[2025-09-04T14:14:47.341Z]   Déplacé: comprehensive-recovery-pipeline-report.json -> reports\analysis\comprehensive-recovery-pipeline-report.json
[2025-09-04T14:14:47.348Z]   Déplacé: comprehensive-scraping-report.json -> reports\analysis\comprehensive-scraping-report.json
[2025-09-04T14:14:47.353Z]   Déplacé: device-matrix.csv -> reports\analysis\device-matrix.csv
[2025-09-04T14:14:47.358Z]   Déplacé: driver-analysis-improvement-report.json -> reports\analysis\driver-analysis-improvement-report.json
[2025-09-04T14:14:47.363Z]   Déplacé: driver-anomalies-report.json -> reports\analysis\driver-anomalies-report.json
[2025-09-04T14:14:47.367Z]   Déplacé: driver-anomalies-report.md -> reports\analysis\driver-anomalies-report.md
[2025-09-04T14:14:47.369Z]   Déplacé: driver-conflicts-resolution.json -> reports\analysis\driver-conflicts-resolution.json
[2025-09-04T14:14:47.374Z]   Déplacé: driver-integration-report.json -> reports\analysis\driver-integration-report.json
[2025-09-04T14:14:47.382Z]   Déplacé: driver-optimization-report.json -> reports\analysis\driver-optimization-report.json
[2025-09-04T14:14:47.386Z]   Déplacé: driver-restoration-report.json -> reports\analysis\driver-restoration-report.json
[2025-09-04T14:14:47.397Z]   Déplacé: driver-validation-report.json -> reports\analysis\driver-validation-report.json
[2025-09-04T14:14:47.402Z]   Déplacé: driver-validation-report.md -> reports\analysis\driver-validation-report.md
[2025-09-04T14:14:47.405Z]   Déplacé: driver-verification-report.json -> reports\analysis\driver-verification-report.json
[2025-09-04T14:14:47.416Z]   Déplacé: drivers-clean-report.json -> reports\analysis\drivers-clean-report.json
[2025-09-04T14:14:47.419Z]   Déplacé: drivers-merge-improve-report.json -> reports\analysis\drivers-merge-improve-report.json
[2025-09-04T14:14:47.425Z]   Déplacé: drivers-test-validation-report.json -> reports\analysis\drivers-test-validation-report.json
[2025-09-04T14:14:47.429Z]   Déplacé: external-folder-analysis.json -> reports\analysis\external-folder-analysis.json
[2025-09-04T14:14:47.432Z]   Déplacé: external-folder-analysis.md -> reports\analysis\external-folder-analysis.md
[2025-09-04T14:14:47.435Z]   Déplacé: fetch-report.json -> reports\analysis\fetch-report.json
[2025-09-04T14:14:47.443Z]   Déplacé: final-cleanup-optimized-report.json -> reports\analysis\final-cleanup-optimized-report.json
[2025-09-04T14:14:47.447Z]   Déplacé: final-cleanup-report.json -> reports\analysis\final-cleanup-report.json
[2025-09-04T14:14:47.449Z]   Déplacé: final-integration-report.json -> reports\analysis\final-integration-report.json
[2025-09-04T14:14:47.460Z]   Déplacé: final-project-report.json -> reports\analysis\final-project-report.json
[2025-09-04T14:14:47.464Z]   Déplacé: final-project-restoration-report.json -> reports\analysis\final-project-restoration-report.json
[2025-09-04T14:14:47.466Z]   Déplacé: final-validation-report.json -> reports\analysis\final-validation-report.json
[2025-09-04T14:14:47.469Z]   Déplacé: final-validation-report.md -> reports\analysis\final-validation-report.md
[2025-09-04T14:14:47.474Z]   Déplacé: fix-changelog-generation-report.json -> reports\analysis\fix-changelog-generation-report.json
[2025-09-04T14:14:47.478Z]   Déplacé: fix-invalid-drivers-report.json -> reports\analysis\fix-invalid-drivers-report.json
[2025-09-04T14:14:47.483Z]   Déplacé: fix-last-invalid-driver-report.json -> reports\analysis\fix-last-invalid-driver-report.json
[2025-09-04T14:14:47.486Z]   Déplacé: fix-new-forum-bugs-report.json -> reports\analysis\fix-new-forum-bugs-report.json
[2025-09-04T14:14:47.493Z]   Déplacé: fix-report.md -> reports\analysis\fix-report.md
[2025-09-04T14:14:47.497Z]   Déplacé: fix-validation-issues-report.json -> reports\analysis\fix-validation-issues-report.json
[2025-09-04T14:14:47.500Z]   Déplacé: forum-bugs-processor-report.json -> reports\analysis\forum-bugs-processor-report.json
[2025-09-04T14:14:47.504Z]   Déplacé: forum-bugs-report.json -> reports\analysis\forum-bugs-report.json
[2025-09-04T14:14:47.511Z]   Déplacé: forum-errors-fix-report.json -> reports\analysis\forum-errors-fix-report.json
[2025-09-04T14:14:47.515Z]   Déplacé: fusion-tuya-light-report.json -> reports\analysis\fusion-tuya-light-report.json
[2025-09-04T14:14:47.521Z]   Déplacé: gaps-analysis.json -> reports\analysis\gaps-analysis.json
[2025-09-04T14:14:47.526Z]   Déplacé: github-actions-integration-report.json -> reports\analysis\github-actions-integration-report.json
[2025-09-04T14:14:47.530Z]   Déplacé: github-sync-report.json -> reports\analysis\github-sync-report.json
[2025-09-04T14:14:47.535Z]   Déplacé: github-sync-report.md -> reports\analysis\github-sync-report.md
[2025-09-04T14:14:47.538Z]   Déplacé: healing-report-1753980986425.json -> reports\analysis\healing-report-1753980986425.json
[2025-09-04T14:14:47.544Z]   Déplacé: healing-report-1754125438839.json -> reports\analysis\healing-report-1754125438839.json
[2025-09-04T14:14:47.550Z]   Déplacé: healing-report-1754129358490.json -> reports\analysis\healing-report-1754129358490.json
[2025-09-04T14:14:47.554Z]   Déplacé: historical-analysis-report-1753804294677.json -> reports\analysis\historical-analysis-report-1753804294677.json
[2025-09-04T14:14:47.560Z]   Déplacé: historical-analysis-report-1753804313363.json -> reports\analysis\historical-analysis-report-1753804313363.json
[2025-09-04T14:14:47.565Z]   Déplacé: historical-analysis-report-1753804319189.json -> reports\analysis\historical-analysis-report-1753804319189.json
[2025-09-04T14:14:47.571Z]   Déplacé: historical-driver-recovery-report.json -> reports\analysis\historical-driver-recovery-report.json
[2025-09-04T14:14:47.579Z]   Déplacé: historical-readme-analysis-1753803698704.json -> reports\analysis\historical-readme-analysis-1753803698704.json
[2025-09-04T14:14:47.582Z]   Déplacé: installation-bug-report.json -> reports\analysis\installation-bug-report.json
[2025-09-04T14:14:47.586Z]   Déplacé: integration-report-20250831-233544.md -> reports\analysis\integration-report-20250831-233544.md
[2025-09-04T14:14:47.598Z]   Déplacé: integration-report.md -> reports\analysis\integration-report.md
[2025-09-04T14:14:47.601Z]   Déplacé: legacy-script-recovery-report.json -> reports\analysis\legacy-script-recovery-report.json
[2025-09-04T14:14:47.604Z]   Déplacé: local-validation-report.json -> reports\analysis\local-validation-report.json
[2025-09-04T14:14:47.611Z]   Déplacé: massive-drivers-restoration-report.json -> reports\analysis\massive-drivers-restoration-report.json
[2025-09-04T14:14:47.617Z]   Déplacé: massive-recovery-report-1753801713225.json -> reports\analysis\massive-recovery-report-1753801713225.json
[2025-09-04T14:14:47.620Z]   Déplacé: massive-recovery-report-1753801886227.json -> reports\analysis\massive-recovery-report-1753801886227.json
[2025-09-04T14:14:47.629Z]   Déplacé: master-optimization-pipeline-report.json -> reports\analysis\master-optimization-pipeline-report.json
[2025-09-04T14:14:47.633Z]   Déplacé: master-rebuild-final-report.json -> reports\analysis\master-rebuild-final-report.json
[2025-09-04T14:14:47.637Z]   Déplacé: master-rebuild-report.json -> reports\analysis\master-rebuild-report.json
[2025-09-04T14:14:47.645Z]   Déplacé: matrix-generation-report.json -> reports\analysis\matrix-generation-report.json
[2025-09-04T14:14:47.648Z]   Déplacé: matrix-generation-report.md -> reports\analysis\matrix-generation-report.md
[2025-09-04T14:14:47.650Z]   Déplacé: mega-optimization-report.json -> reports\analysis\mega-optimization-report.json
[2025-09-04T14:14:47.653Z]   Déplacé: mega-optimization-report.md -> reports\analysis\mega-optimization-report.md
[2025-09-04T14:14:47.659Z]   Déplacé: mega-pipeline-final-report.json -> reports\analysis\mega-pipeline-final-report.json
[2025-09-04T14:14:47.663Z]   Déplacé: mega-pipeline-results.json -> reports\analysis\mega-pipeline-results.json
[2025-09-04T14:14:47.666Z]   Déplacé: mega-pipeline-ultimate-complete-report.json -> reports\analysis\mega-pipeline-ultimate-complete-report.json
[2025-09-04T14:14:47.669Z]   Déplacé: mega-pipeline-ultimate-report.json -> reports\analysis\mega-pipeline-ultimate-report.json
[2025-09-04T14:14:47.676Z]   Déplacé: mega-renamer-final-report.json -> reports\analysis\mega-renamer-final-report.json
[2025-09-04T14:14:47.681Z]   Déplacé: mega-renamer-final-report.md -> reports\analysis\mega-renamer-final-report.md
[2025-09-04T14:14:47.684Z]   Déplacé: new-forum-post-analysis.json -> reports\analysis\new-forum-post-analysis.json
[2025-09-04T14:14:47.687Z]   Déplacé: optimization-plan.json -> reports\analysis\optimization-plan.json
[2025-09-04T14:14:47.696Z]   Déplacé: optimize-ai-models-report.json -> reports\analysis\optimize-ai-models-report.json
[2025-09-04T14:14:47.712Z]   Déplacé: performance-report.json -> reports\analysis\performance-report.json
[2025-09-04T14:14:47.726Z]   Déplacé: pipeline-report-1753792960443.json -> reports\analysis\pipeline-report-1753792960443.json
[2025-09-04T14:14:47.732Z]   Déplacé: pipeline-report-1753800111275.json -> reports\analysis\pipeline-report-1753800111275.json
[2025-09-04T14:14:47.737Z]   Déplacé: project-stabilization-report.json -> reports\analysis\project-stabilization-report.json
[2025-09-04T14:14:47.745Z]   Déplacé: project-validation-report.json -> reports\analysis\project-validation-report.json
[2025-09-04T14:14:47.748Z]   Déplacé: publication-ready-report-2025-07-31T12-09-23-123Z.json -> reports\analysis\publication-ready-report-2025-07-31T12-09-23-123Z.json
[2025-09-04T14:14:47.753Z]   Déplacé: publication-ready-report-2025-07-31T12-14-59-682Z.json -> reports\analysis\publication-ready-report-2025-07-31T12-14-59-682Z.json
[2025-09-04T14:14:47.761Z]   Déplacé: quick-driver-restoration-report.json -> reports\analysis\quick-driver-restoration-report.json
[2025-09-04T14:14:47.767Z]   Déplacé: readme-update-scripts-report.json -> reports\analysis\readme-update-scripts-report.json
[2025-09-04T14:14:47.771Z]   Déplacé: reclass-drivers-report.json -> reports\analysis\reclass-drivers-report.json
[2025-09-04T14:14:47.778Z]   Déplacé: reclass-drivers-report.md -> reports\analysis\reclass-drivers-report.md
[2025-09-04T14:14:47.784Z]   Déplacé: release-manager-report.json -> reports\analysis\release-manager-report.json
[2025-09-04T14:14:47.793Z]   Déplacé: sdk3-optimization-report.json -> reports\analysis\sdk3-optimization-report.json
[2025-09-04T14:14:47.800Z]   Déplacé: simple-tuya-report-20250901-075223.txt -> reports\analysis\simple-tuya-report-20250901-075223.txt
[2025-09-04T14:14:47.803Z]   Déplacé: smart-enrichment-report.json -> reports\analysis\smart-enrichment-report.json
[2025-09-04T14:14:47.812Z]   Déplacé: structure-optimized.json -> reports\analysis\structure-optimized.json
[2025-09-04T14:14:47.817Z]   Déplacé: sync-tuya-light-report-1753800952802.json -> reports\analysis\sync-tuya-light-report-1753800952802.json
[2025-09-04T14:14:47.824Z]   Déplacé: tuya-integration-report.md -> reports\analysis\tuya-integration-report.md
[2025-09-04T14:14:47.830Z]   Déplacé: tuya-light-recovery-report.json -> reports\analysis\tuya-light-recovery-report.json
[2025-09-04T14:14:47.835Z]   Déplacé: ultimate-driver-analysis-report.json -> reports\analysis\ultimate-driver-analysis-report.json
[2025-09-04T14:14:47.843Z]   Déplacé: ultimate-enrichment-report.json -> reports\analysis\ultimate-enrichment-report.json
[2025-09-04T14:14:47.847Z]   Déplacé: unified-optimization-report.json -> reports\analysis\unified-optimization-report.json
[2025-09-04T14:14:47.850Z]   Déplacé: validation-cache.json -> reports\analysis\validation-cache.json
[2025-09-04T14:14:47.854Z]   Déplacé: validation-report.json -> reports\analysis\validation-report.json
[2025-09-04T14:14:47.862Z]   Déplacé: validation-report.md -> reports\analysis\validation-report.md
[2025-09-04T14:14:47.865Z]   Déplacé: verify-releases-zip-report-1753801324403.json -> reports\analysis\verify-releases-zip-report-1753801324403.json
[2025-09-04T14:14:47.869Z]   Déplacé: verify-report.json -> reports\analysis\verify-report.json
[2025-09-04T14:14:47.877Z]   Déplacé: zigbee-recovery-report-1753802479474.json -> reports\analysis\zigbee-recovery-report-1753802479474.json
[2025-09-04T14:14:47.879Z] Traitement du dossier: C:\Users\HP\Desktop\tuya_repair\analysis-results
[2025-09-04T14:14:47.883Z]   Déplacé: analysis-report-2025-09-01T08-15-49-882Z.json -> reports\analysis\analysis-report-2025-09-01T08-15-49-882Z.json
[2025-09-04T14:14:47.887Z]   Déplacé: analysis_report.json -> reports\analysis\analysis_report.json
[2025-09-04T14:14:47.897Z]   Déplacé: analysis_report.md -> reports\analysis\analysis_report.md
[2025-09-04T14:14:47.902Z]   Déplacé: architect-2025-09-01T08-15-46-864Z.txt -> reports\analysis\architect-2025-09-01T08-15-46-864Z.txt
[2025-09-04T14:14:47.914Z]   Déplacé: architect-error.txt -> reports\analysis\architect-error.txt
[2025-09-04T14:14:47.918Z]   Déplacé: directory_structure.txt -> reports\analysis\directory_structure.txt
[2025-09-04T14:14:47.921Z]   Déplacé: driver-analysis-2025-09-01T20-41-10-076Z.json -> reports\analysis\driver-analysis-2025-09-01T20-41-10-076Z.json
[2025-09-04T14:14:47.931Z]   Déplacé: driver-analysis.json -> reports\analysis\driver-analysis.json
[2025-09-04T14:14:47.936Z]   Déplacé: driver_data_20250902_ 515.json -> reports\analysis\driver_data_20250902_ 515.json
[2025-09-04T14:14:47.948Z]   Déplacé: driver_report_20250902_ 515.txt -> reports\analysis\driver_report_20250902_ 515.txt
[2025-09-04T14:14:47.958Z]   Déplacé: multi-ia-analysis-report.json -> reports\analysis\multi-ia-analysis-report.json
[2025-09-04T14:14:47.966Z]   Déplacé: optimizer-2025-09-01T08-15-48-630Z.txt -> reports\analysis\optimizer-2025-09-01T08-15-48-630Z.txt
[2025-09-04T14:14:47.974Z]   Déplacé: optimizer-error.txt -> reports\analysis\optimizer-error.txt
[2025-09-04T14:14:47.981Z]   Déplacé: project-analysis.json -> reports\analysis\project-analysis.json
[2025-09-04T14:14:47.986Z]   Déplacé: project-analysis.md -> reports\analysis\project-analysis.md
[2025-09-04T14:14:47.995Z]   Déplacé: project_summary.json -> reports\analysis\project_summary.json
[2025-09-04T14:14:48.000Z]   Déplacé: quick-analysis.json -> reports\analysis\quick-analysis.json
[2025-09-04T14:14:48.008Z]   Déplacé: quick-analysis.md -> reports\analysis\quick-analysis.md
[2025-09-04T14:14:48.013Z]   Déplacé: scout-2025-09-01T08-15-44-675Z.txt -> reports\analysis\scout-2025-09-01T08-15-44-675Z.txt
[2025-09-04T14:14:48.018Z]   Déplacé: scout-error.txt -> reports\analysis\scout-error.txt
[2025-09-04T14:14:48.021Z]   Déplacé: validator-2025-09-01T08-15-49-402Z.txt -> reports\analysis\validator-2025-09-01T08-15-49-402Z.txt
[2025-09-04T14:14:48.028Z]   Déplacé: validator-error.txt -> reports\analysis\validator-error.txt
[2025-09-04T14:14:48.030Z] Déplacement des rapports terminé avec succès
