[2025-09-05T20:41:13.710Z] Starting Ultimate Project Restructuring
[2025-09-05T20:41:13.728Z] Creating project backup
[2025-09-05T20:41:13.730Z] Reorganizing project structure
[2025-09-05T20:41:13.731Z] Converting scripts to JavaScript
[2025-09-05T20:41:13.732Z] Validating Zigbee drivers
[2025-09-05T20:41:13.734Z] Project restructuring completed successfully
[2025-09-05T20:42:31.051Z] Starting Ultimate Project Restructuring
[2025-09-05T20:42:31.716Z] Starting Ultimate Project Restructuring
[2025-09-05T20:42:31.785Z] Creating project backup
[2025-09-05T20:42:31.804Z] Reorganizing project structure
[2025-09-05T20:42:31.820Z] Converting scripts to JavaScript
[2025-09-05T20:42:31.828Z] Validating Zigbee drivers
[2025-09-05T20:42:31.832Z] Project restructuring completed successfully
[2025-09-05T20:42:31.982Z] Creating project backup
[2025-09-05T20:42:31.992Z] Reorganizing project structure
[2025-09-05T20:42:31.996Z] Converting scripts to JavaScript
[2025-09-05T20:42:32.012Z] Validating Zigbee drivers
[2025-09-05T20:42:32.047Z] Project restructuring completed successfully
[2025-09-05T20:57:01.187Z] [START]  DÉMARRAGE DU PROJET ULTIMATE: RESTRUCTURATION COMPLÈTE
[2025-09-05T20:57:01.200Z] [PHASE] === PHASE 0: Analyse Initiale et Configuration ===
[2025-09-05T20:57:01.204Z] [SUCCESS] Phase 0 completed
[2025-09-05T20:57:01.208Z] [PHASE] === PHASE 1: Réorganisation Intelligente des Fichiers ===
[2025-09-05T20:57:01.209Z] [SUCCESS] Phase 1 completed
[2025-09-05T20:57:01.211Z] [PHASE] === PHASE 2: Conversion Avancée des Scripts ===
[2025-09-05T20:57:01.213Z] [SUCCESS] Phase 2 completed
[2025-09-05T20:57:01.216Z] [PHASE] === PHASE 3: Vérification et Correction Complète des Drivers ===
[2025-09-05T20:57:01.219Z] [SUCCESS] Phase 3 completed
[2025-09-05T20:57:01.224Z] [PHASE] === PHASE 4: Optimisation Windows 11 ===
[2025-09-05T20:57:01.225Z] [SUCCESS] Phase 4 completed
[2025-09-05T20:57:01.226Z] [SUCCESS]  PROJET ULTIMATE TERMINÉ AVEC SUCCÈS!
